<?xml version="1.0" encoding="UTF-8"?>
<!-- Generated by org.testng.reporters.JUnitReportReporter -->
<testsuite hostname="Eidita" failures="0" tests="2" name="com.facebook.baseLoginTest.LoginTest" time="46.927" errors="0" timestamp="2023-10-05T22:02:09 EDT" skipped="0">
  <testcase classname="com.facebook.baseLoginTest.LoginTest" name="closeApp" time="25.372"/>
  <system-out/>
  <testcase classname="com.facebook.baseLoginTest.LoginTest" name="validLoginTest" time="21.555"/>
  <system-out/>
</testsuite> <!-- com.facebook.baseLoginTest.LoginTest -->
