<?xml version="1.0" encoding="UTF-8"?>
<!-- Generated by org.testng.reporters.JUnitReportReporter -->
<testsuite hostname="Eidita" failures="0" tests="2" name="com.facebook.pageObjectModel.LoginTest" time="18.551" errors="0" timestamp="2023-10-05T21:45:11 EDT" skipped="0">
  <testcase classname="com.facebook.pageObjectModel.LoginTest" name="validLoginTest" time="9.618"/>
  <system-out/>
  <testcase classname="com.facebook.pageObjectModel.LoginTest" name="invalidLoginTest" time="8.933"/>
  <system-out/>
</testsuite> <!-- com.facebook.pageObjectModel.LoginTest -->
