<?xml version="1.0" encoding="UTF-8"?>
<!-- Generated by org.testng.reporters.JUnitReportReporter -->
<testsuite hostname="Eidita" failures="0" tests="1" name="com.facebook.pageFactory.LoginTestId" time="9.801" errors="0" timestamp="2023-10-05T21:59:43 EDT" skipped="0">
  <testcase classname="com.facebook.pageFactory.LoginTestId" name="boundaryLoginTest" time="9.801"/>
  <system-out/>
</testsuite> <!-- com.facebook.pageFactory.LoginTestId -->
