<?xml version="1.0" encoding="UTF-8"?>
<!-- Generated by org.testng.reporters.JUnitReportReporter -->
<testsuite hostname="Eidita" failures="0" tests="1" name="com.facebook.pom_pagefactory.LoginTestWithPageFactory" time="9.166" errors="0" timestamp="2023-10-05T21:44:25 EDT" skipped="0">
  <testcase classname="com.facebook.pom_pagefactory.LoginTestWithPageFactory" name="validLogin" time="9.166"/>
  <system-out/>
</testsuite> <!-- com.facebook.pom_pagefactory.LoginTestWithPageFactory -->
