<?xml version="1.0" encoding="UTF-8"?>
<!-- Generated by org.testng.reporters.JUnitReportReporter -->
<testsuite hostname="Eidita" failures="0" tests="1" name="com.facebook.pageFactory.LoginTestName" time="13.293" errors="0" timestamp="2023-10-05T21:46:29 EDT" skipped="0">
  <testcase classname="com.facebook.pageFactory.LoginTestName" name="boundaryLogintest" time="13.293"/>
  <system-out/>
</testsuite> <!-- com.facebook.pageFactory.LoginTestName -->
